
 SOLCYC cycle number: 1
   Max delta T =  1.4947E+01
     at node 70
     in submodel RADIATOR
   Max delta dT/dt =  3.2418E-02
     at node 70
     in submodel RADIATOR

 SOLCYC cycle number: 2
   Max delta T =  3.8513E+00
     at node 10
     in submodel RADIATOR
   Max delta dT/dt =  5.7370E-04
     at node 10
     in submodel RADIATOR

 SOLCYC cycle number: 3
   Max delta T =  1.6167E+00
     at node 10
     in submodel RADIATOR
   Max delta dT/dt =  2.3481E-04
     at node 10
     in submodel RADIATOR

 SOLCYC cycle number: 4
   Max delta T =  6.9092E-01
     at node 10
     in submodel RADIATOR
   Max delta dT/dt =  9.9249E-05
     at node 10
     in submodel RADIATOR

 SOLCYC cycle number: 5
   Max delta T =  2.9775E-01
     at node 10
     in submodel RADIATOR
   Max delta dT/dt =  4.2587E-05
     at node 10
     in submodel RADIATOR

 SOLCYC cycle number: 6
   Max delta T =  1.2871E-01
     at node 10
     in submodel RADIATOR
   Max delta dT/dt =  1.8366E-05
     at node 10
     in submodel RADIATOR

 SOLCYC cycle number: 7
   Max delta T =  5.5559E-02
     at node 10
     in submodel RADIATOR
   Max delta dT/dt =  7.9261E-06
     at node 10
     in submodel RADIATOR
1
 ESATAN-TMS  2017 sp2                                                            Page     1
 19 April     2018  23:31:01                                                       RADIATOR

 Radiator Sizing Model                                                                                                               





  TIMEN =   6047.80      MODULE SLFWBK      DTIMEU = 1.819E-12
 CSGMIN =   51.8824  AT NODE 30 IN SUB-MODEL  
+                                             RADIATOR                                     


 TABLE OUTPUT WITH ZENTS = 'L,T_MIN,TIM_MIN,T_MAX,TIM_MAX'
 FOR NODES OF ZLABEL = ' '

 ==========================================================================================


+RADIATOR                                                                                  


          NODE   LABEL                            T_MIN       TIM_MIN         T_MAX       

           10    Internal Electronics              7.01       3563.90         10.22
           20    Unit top                          1.46       3463.90          4.78
           30    Unit side 1                       2.98       3403.90          6.24
           40    Unit side 2                       0.46       3343.90          3.87
           50    Unit side 3                       2.98       3403.90          6.24
           60    Unit side 4                       0.46       3343.90          3.87
           70    Radiator                         -4.01       3083.90          0.35
          999    Deep Space                     -270.00         20.00       -270.00



          NODE      TIM_MAX                                                               

           10         20.00
           20       5863.02
           30       5823.02
           40       5723.02
           50       5823.02
           60       5723.02
           70       5298.24
          999         20.00

